14/03/2017 15:56:25 - ERROR - java.nio.file.NoSuchFileException: C:\Users\jeferson.oliveira\Desktop\descarga1\descargas de ontem\C040404.HTM
	at sun.nio.fs.WindowsException.translateToIOException(WindowsException.java:79)
	at sun.nio.fs.WindowsException.rethrowAsIOException(WindowsException.java:97)
	at sun.nio.fs.WindowsException.rethrowAsIOException(WindowsException.java:102)
	at sun.nio.fs.WindowsFileSystemProvider.newByteChannel(WindowsFileSystemProvider.java:230)
	at java.nio.file.Files.newByteChannel(Files.java:361)
	at java.nio.file.Files.newByteChannel(Files.java:407)
	at java.nio.file.Files.readAllBytes(Files.java:3152)
	at br.zul.zwork2.io.ZTxtFile.readAll(ZTxtFile.java:57)
	at calculapainel.CalculaPainel.main(CalculaPainel.java:35)
14/03/2017 15:57:31 - ERROR - java.nio.file.NoSuchFileException: C:\Users\jeferson.oliveira\Desktop\descarga1\descargas de ontem\C040404.HTM
	at sun.nio.fs.WindowsException.translateToIOException(WindowsException.java:79)
	at sun.nio.fs.WindowsException.rethrowAsIOException(WindowsException.java:97)
	at sun.nio.fs.WindowsException.rethrowAsIOException(WindowsException.java:102)
	at sun.nio.fs.WindowsFileSystemProvider.newByteChannel(WindowsFileSystemProvider.java:230)
	at java.nio.file.Files.newByteChannel(Files.java:361)
	at java.nio.file.Files.newByteChannel(Files.java:407)
	at java.nio.file.Files.readAllBytes(Files.java:3152)
	at br.zul.zwork2.io.ZTxtFile.readAll(ZTxtFile.java:57)
	at calculapainel.CalculaPainel.main(CalculaPainel.java:35)
14/03/2017 15:58:00 - ERROR - java.nio.file.NoSuchFileException: C:\Users\jeferson.oliveira\Desktop\descarga1\descargas de ontem\C040404.HTM
	at sun.nio.fs.WindowsException.translateToIOException(WindowsException.java:79)
	at sun.nio.fs.WindowsException.rethrowAsIOException(WindowsException.java:97)
	at sun.nio.fs.WindowsException.rethrowAsIOException(WindowsException.java:102)
	at sun.nio.fs.WindowsFileSystemProvider.newByteChannel(WindowsFileSystemProvider.java:230)
	at java.nio.file.Files.newByteChannel(Files.java:361)
	at java.nio.file.Files.newByteChannel(Files.java:407)
	at java.nio.file.Files.readAllBytes(Files.java:3152)
	at br.zul.zwork2.io.ZTxtFile.readAll(ZTxtFile.java:57)
	at calculapainel.CalculaPainel.main(CalculaPainel.java:35)
14/03/2017 15:58:18 - ERROR - java.nio.file.NoSuchFileException: C:\Users\jeferson.oliveira\Desktop\descarga1\descargas de ontem\C040404.HTM
	at sun.nio.fs.WindowsException.translateToIOException(WindowsException.java:79)
	at sun.nio.fs.WindowsException.rethrowAsIOException(WindowsException.java:97)
	at sun.nio.fs.WindowsException.rethrowAsIOException(WindowsException.java:102)
	at sun.nio.fs.WindowsFileSystemProvider.newByteChannel(WindowsFileSystemProvider.java:230)
	at java.nio.file.Files.newByteChannel(Files.java:361)
	at java.nio.file.Files.newByteChannel(Files.java:407)
	at java.nio.file.Files.readAllBytes(Files.java:3152)
	at br.zul.zwork2.io.ZTxtFile.readAll(ZTxtFile.java:57)
	at calculapainel.CalculaPainel.main(CalculaPainel.java:35)
14/03/2017 16:04:26 - ERROR - java.nio.file.NoSuchFileException: P:\Descarga\C0C040404.HTM.HTM
	at sun.nio.fs.WindowsException.translateToIOException(WindowsException.java:79)
	at sun.nio.fs.WindowsException.rethrowAsIOException(WindowsException.java:97)
	at sun.nio.fs.WindowsException.rethrowAsIOException(WindowsException.java:102)
	at sun.nio.fs.WindowsFileSystemProvider.newByteChannel(WindowsFileSystemProvider.java:230)
	at java.nio.file.Files.newByteChannel(Files.java:361)
	at java.nio.file.Files.newByteChannel(Files.java:407)
	at java.nio.file.Files.readAllBytes(Files.java:3152)
	at br.zul.zwork2.io.ZTxtFile.readAll(ZTxtFile.java:57)
	at calculapainel.CalculaPainel.main(CalculaPainel.java:35)
14/03/2017 16:04:28 - ERROR - java.nio.file.NoSuchFileException: P:\Descarga\C0C040404.HTM.HTM
	at sun.nio.fs.WindowsException.translateToIOException(WindowsException.java:79)
	at sun.nio.fs.WindowsException.rethrowAsIOException(WindowsException.java:97)
	at sun.nio.fs.WindowsException.rethrowAsIOException(WindowsException.java:102)
	at sun.nio.fs.WindowsFileSystemProvider.newByteChannel(WindowsFileSystemProvider.java:230)
	at java.nio.file.Files.newByteChannel(Files.java:361)
	at java.nio.file.Files.newByteChannel(Files.java:407)
	at java.nio.file.Files.readAllBytes(Files.java:3152)
	at br.zul.zwork2.io.ZTxtFile.readAll(ZTxtFile.java:57)
	at calculapainel.CalculaPainel.main(CalculaPainel.java:35)
14/03/2017 16:04:30 - ERROR - java.nio.file.NoSuchFileException: P:\Descarga\C0C040404.HTM.HTM
	at sun.nio.fs.WindowsException.translateToIOException(WindowsException.java:79)
	at sun.nio.fs.WindowsException.rethrowAsIOException(WindowsException.java:97)
	at sun.nio.fs.WindowsException.rethrowAsIOException(WindowsException.java:102)
	at sun.nio.fs.WindowsFileSystemProvider.newByteChannel(WindowsFileSystemProvider.java:230)
	at java.nio.file.Files.newByteChannel(Files.java:361)
	at java.nio.file.Files.newByteChannel(Files.java:407)
	at java.nio.file.Files.readAllBytes(Files.java:3152)
	at br.zul.zwork2.io.ZTxtFile.readAll(ZTxtFile.java:57)
	at calculapainel.CalculaPainel.main(CalculaPainel.java:35)
14/03/2017 16:04:31 - ERROR - java.nio.file.NoSuchFileException: P:\Descarga\C0C040404.HTM.HTM
	at sun.nio.fs.WindowsException.translateToIOException(WindowsException.java:79)
	at sun.nio.fs.WindowsException.rethrowAsIOException(WindowsException.java:97)
	at sun.nio.fs.WindowsException.rethrowAsIOException(WindowsException.java:102)
	at sun.nio.fs.WindowsFileSystemProvider.newByteChannel(WindowsFileSystemProvider.java:230)
	at java.nio.file.Files.newByteChannel(Files.java:361)
	at java.nio.file.Files.newByteChannel(Files.java:407)
	at java.nio.file.Files.readAllBytes(Files.java:3152)
	at br.zul.zwork2.io.ZTxtFile.readAll(ZTxtFile.java:57)
	at calculapainel.CalculaPainel.main(CalculaPainel.java:35)
14/03/2017 16:04:32 - ERROR - java.nio.file.NoSuchFileException: P:\Descarga\C0C040404.HTM.HTM
	at sun.nio.fs.WindowsException.translateToIOException(WindowsException.java:79)
	at sun.nio.fs.WindowsException.rethrowAsIOException(WindowsException.java:97)
	at sun.nio.fs.WindowsException.rethrowAsIOException(WindowsException.java:102)
	at sun.nio.fs.WindowsFileSystemProvider.newByteChannel(WindowsFileSystemProvider.java:230)
	at java.nio.file.Files.newByteChannel(Files.java:361)
	at java.nio.file.Files.newByteChannel(Files.java:407)
	at java.nio.file.Files.readAllBytes(Files.java:3152)
	at br.zul.zwork2.io.ZTxtFile.readAll(ZTxtFile.java:57)
	at calculapainel.CalculaPainel.main(CalculaPainel.java:35)
14/03/2017 16:04:33 - ERROR - java.nio.file.NoSuchFileException: P:\Descarga\C0C040404.HTM.HTM
	at sun.nio.fs.WindowsException.translateToIOException(WindowsException.java:79)
	at sun.nio.fs.WindowsException.rethrowAsIOException(WindowsException.java:97)
	at sun.nio.fs.WindowsException.rethrowAsIOException(WindowsException.java:102)
	at sun.nio.fs.WindowsFileSystemProvider.newByteChannel(WindowsFileSystemProvider.java:230)
	at java.nio.file.Files.newByteChannel(Files.java:361)
	at java.nio.file.Files.newByteChannel(Files.java:407)
	at java.nio.file.Files.readAllBytes(Files.java:3152)
	at br.zul.zwork2.io.ZTxtFile.readAll(ZTxtFile.java:57)
	at calculapainel.CalculaPainel.main(CalculaPainel.java:35)
14/03/2017 16:04:33 - ERROR - java.nio.file.NoSuchFileException: P:\Descarga\C0C040404.HTM.HTM
	at sun.nio.fs.WindowsException.translateToIOException(WindowsException.java:79)
	at sun.nio.fs.WindowsException.rethrowAsIOException(WindowsException.java:97)
	at sun.nio.fs.WindowsException.rethrowAsIOException(WindowsException.java:102)
	at sun.nio.fs.WindowsFileSystemProvider.newByteChannel(WindowsFileSystemProvider.java:230)
	at java.nio.file.Files.newByteChannel(Files.java:361)
	at java.nio.file.Files.newByteChannel(Files.java:407)
	at java.nio.file.Files.readAllBytes(Files.java:3152)
	at br.zul.zwork2.io.ZTxtFile.readAll(ZTxtFile.java:57)
	at calculapainel.CalculaPainel.main(CalculaPainel.java:35)
14/03/2017 16:04:44 - ERROR - java.nio.file.NoSuchFileException: P:\Descarga\C0C040404.HTM.HTM
	at sun.nio.fs.WindowsException.translateToIOException(WindowsException.java:79)
	at sun.nio.fs.WindowsException.rethrowAsIOException(WindowsException.java:97)
	at sun.nio.fs.WindowsException.rethrowAsIOException(WindowsException.java:102)
	at sun.nio.fs.WindowsFileSystemProvider.newByteChannel(WindowsFileSystemProvider.java:230)
	at java.nio.file.Files.newByteChannel(Files.java:361)
	at java.nio.file.Files.newByteChannel(Files.java:407)
	at java.nio.file.Files.readAllBytes(Files.java:3152)
	at br.zul.zwork2.io.ZTxtFile.readAll(ZTxtFile.java:57)
	at calculapainel.CalculaPainel.main(CalculaPainel.java:35)
16/03/2017 17:49:32 - ERROR - java.nio.file.NoSuchFileException: Painel.HTM
	at sun.nio.fs.WindowsException.translateToIOException(WindowsException.java:79)
	at sun.nio.fs.WindowsException.rethrowAsIOException(WindowsException.java:97)
	at sun.nio.fs.WindowsException.rethrowAsIOException(WindowsException.java:102)
	at sun.nio.fs.WindowsFileSystemProvider.newByteChannel(WindowsFileSystemProvider.java:230)
	at java.nio.file.Files.newByteChannel(Files.java:361)
	at java.nio.file.Files.newByteChannel(Files.java:407)
	at java.nio.file.Files.readAllBytes(Files.java:3152)
	at br.zul.zwork2.io.ZTxtFile.readAll(ZTxtFile.java:57)
	at calculapainel.CalculaPainel.main(CalculaPainel.java:18)
16/03/2017 17:52:26 - ERROR - java.nio.file.NoSuchFileException: Painel.HTM
	at sun.nio.fs.WindowsException.translateToIOException(WindowsException.java:79)
	at sun.nio.fs.WindowsException.rethrowAsIOException(WindowsException.java:97)
	at sun.nio.fs.WindowsException.rethrowAsIOException(WindowsException.java:102)
	at sun.nio.fs.WindowsFileSystemProvider.newByteChannel(WindowsFileSystemProvider.java:230)
	at java.nio.file.Files.newByteChannel(Files.java:361)
	at java.nio.file.Files.newByteChannel(Files.java:407)
	at java.nio.file.Files.readAllBytes(Files.java:3152)
	at br.zul.zwork2.io.ZTxtFile.readAll(ZTxtFile.java:57)
	at calculapainel.CalculaPainel.main(CalculaPainel.java:18)
16/03/2017 17:53:01 - ERROR - java.nio.file.NoSuchFileException: C:\Users\jeferson.oliveira\Documents\NetBeansProjects\PainelDeVendas\public_html\Painel.HTM
	at sun.nio.fs.WindowsException.translateToIOException(WindowsException.java:79)
	at sun.nio.fs.WindowsException.rethrowAsIOException(WindowsException.java:97)
	at sun.nio.fs.WindowsException.rethrowAsIOException(WindowsException.java:102)
	at sun.nio.fs.WindowsFileSystemProvider.newByteChannel(WindowsFileSystemProvider.java:230)
	at java.nio.file.Files.newByteChannel(Files.java:361)
	at java.nio.file.Files.newByteChannel(Files.java:407)
	at java.nio.file.Files.readAllBytes(Files.java:3152)
	at br.zul.zwork2.io.ZTxtFile.readAll(ZTxtFile.java:57)
	at calculapainel.CalculaPainel.main(CalculaPainel.java:18)
16/03/2017 17:58:49 - ERROR - java.nio.file.NoSuchFileException: C:\Users\jeferson.oliveira\Documents\NetBeansProjects\PainelDeVendas\public_html\Painel.HTM
	at sun.nio.fs.WindowsException.translateToIOException(WindowsException.java:79)
	at sun.nio.fs.WindowsException.rethrowAsIOException(WindowsException.java:97)
	at sun.nio.fs.WindowsException.rethrowAsIOException(WindowsException.java:102)
	at sun.nio.fs.WindowsFileSystemProvider.newByteChannel(WindowsFileSystemProvider.java:230)
	at java.nio.file.Files.newByteChannel(Files.java:361)
	at java.nio.file.Files.newByteChannel(Files.java:407)
	at java.nio.file.Files.readAllBytes(Files.java:3152)
	at br.zul.zwork2.io.ZTxtFile.readAll(ZTxtFile.java:57)
	at calculapainel.CalculaPainel.main(CalculaPainel.java:18)
16/03/2017 17:59:01 - ERROR - java.nio.file.NoSuchFileException: C:\Users\jeferson.oliveira\Documents\NetBeansProjects\PainelDeVendas\public_html\Painel.HTM
	at sun.nio.fs.WindowsException.translateToIOException(WindowsException.java:79)
	at sun.nio.fs.WindowsException.rethrowAsIOException(WindowsException.java:97)
	at sun.nio.fs.WindowsException.rethrowAsIOException(WindowsException.java:102)
	at sun.nio.fs.WindowsFileSystemProvider.newByteChannel(WindowsFileSystemProvider.java:230)
	at java.nio.file.Files.newByteChannel(Files.java:361)
	at java.nio.file.Files.newByteChannel(Files.java:407)
	at java.nio.file.Files.readAllBytes(Files.java:3152)
	at br.zul.zwork2.io.ZTxtFile.readAll(ZTxtFile.java:57)
	at calculapainel.CalculaPainel.main(CalculaPainel.java:18)
16/03/2017 17:59:26 - ERROR - java.nio.file.NoSuchFileException: C:\Users\jeferson.oliveira\Documents\NetBeansProjects\PainelDeVendas\public_html\Painel.HTM
	at sun.nio.fs.WindowsException.translateToIOException(WindowsException.java:79)
	at sun.nio.fs.WindowsException.rethrowAsIOException(WindowsException.java:97)
	at sun.nio.fs.WindowsException.rethrowAsIOException(WindowsException.java:102)
	at sun.nio.fs.WindowsFileSystemProvider.newByteChannel(WindowsFileSystemProvider.java:230)
	at java.nio.file.Files.newByteChannel(Files.java:361)
	at java.nio.file.Files.newByteChannel(Files.java:407)
	at java.nio.file.Files.readAllBytes(Files.java:3152)
	at br.zul.zwork2.io.ZTxtFile.readAll(ZTxtFile.java:57)
	at calculapainel.CalculaPainel.main(CalculaPainel.java:18)
16/03/2017 17:59:28 - ERROR - java.nio.file.NoSuchFileException: C:\Users\jeferson.oliveira\Documents\NetBeansProjects\PainelDeVendas\public_html\Painel.HTM
	at sun.nio.fs.WindowsException.translateToIOException(WindowsException.java:79)
	at sun.nio.fs.WindowsException.rethrowAsIOException(WindowsException.java:97)
	at sun.nio.fs.WindowsException.rethrowAsIOException(WindowsException.java:102)
	at sun.nio.fs.WindowsFileSystemProvider.newByteChannel(WindowsFileSystemProvider.java:230)
	at java.nio.file.Files.newByteChannel(Files.java:361)
	at java.nio.file.Files.newByteChannel(Files.java:407)
	at java.nio.file.Files.readAllBytes(Files.java:3152)
	at br.zul.zwork2.io.ZTxtFile.readAll(ZTxtFile.java:57)
	at calculapainel.CalculaPainel.main(CalculaPainel.java:18)
16/03/2017 18:18:55 - ERROR - java.nio.file.NoSuchFileException: ..\Painel.HTM
	at sun.nio.fs.WindowsException.translateToIOException(WindowsException.java:79)
	at sun.nio.fs.WindowsException.rethrowAsIOException(WindowsException.java:97)
	at sun.nio.fs.WindowsException.rethrowAsIOException(WindowsException.java:102)
	at sun.nio.fs.WindowsFileSystemProvider.newByteChannel(WindowsFileSystemProvider.java:230)
	at java.nio.file.Files.newByteChannel(Files.java:361)
	at java.nio.file.Files.newByteChannel(Files.java:407)
	at java.nio.file.Files.readAllBytes(Files.java:3152)
	at br.zul.zwork2.io.ZTxtFile.readAll(ZTxtFile.java:57)
	at calculapainel.CalculaPainel.main(CalculaPainel.java:18)
16/03/2017 18:19:13 - ERROR - java.nio.file.NoSuchFileException: ..\Painel.HTM
	at sun.nio.fs.WindowsException.translateToIOException(WindowsException.java:79)
	at sun.nio.fs.WindowsException.rethrowAsIOException(WindowsException.java:97)
	at sun.nio.fs.WindowsException.rethrowAsIOException(WindowsException.java:102)
	at sun.nio.fs.WindowsFileSystemProvider.newByteChannel(WindowsFileSystemProvider.java:230)
	at java.nio.file.Files.newByteChannel(Files.java:361)
	at java.nio.file.Files.newByteChannel(Files.java:407)
	at java.nio.file.Files.readAllBytes(Files.java:3152)
	at br.zul.zwork2.io.ZTxtFile.readAll(ZTxtFile.java:57)
	at calculapainel.CalculaPainel.main(CalculaPainel.java:18)
20/03/2017 08:21:10 - ERROR - java.io.FileNotFoundException: C:\Painel\Painel.HTML (Acesso negado)
	at java.io.FileOutputStream.open0(Native Method)
	at java.io.FileOutputStream.open(FileOutputStream.java:270)
	at java.io.FileOutputStream.<init>(FileOutputStream.java:213)
	at java.io.FileOutputStream.<init>(FileOutputStream.java:162)
	at java.io.FileWriter.<init>(FileWriter.java:90)
	at br.zul.zwork2.io.ZTxtFile.writeAll(ZTxtFile.java:90)
	at calculapainel.CalculaPainel.main(CalculaPainel.java:71)
20/03/2017 14:30:45 - ERROR - java.io.FileNotFoundException: C:\Painel\Painel.HTML (Acesso negado)
	at java.io.FileOutputStream.open0(Native Method)
	at java.io.FileOutputStream.open(FileOutputStream.java:270)
	at java.io.FileOutputStream.<init>(FileOutputStream.java:213)
	at java.io.FileOutputStream.<init>(FileOutputStream.java:162)
	at java.io.FileWriter.<init>(FileWriter.java:90)
	at br.zul.zwork2.io.ZTxtFile.writeAll(ZTxtFile.java:90)
	at calculapainel.CalculaPainel.main(CalculaPainel.java:108)
20/03/2017 16:08:02 - ERROR - java.nio.file.FileSystemException: P:\Descarga\C060612.HTM: O arquivo já está sendo usado por outro processo.

	at sun.nio.fs.WindowsException.translateToIOException(WindowsException.java:86)
	at sun.nio.fs.WindowsException.rethrowAsIOException(WindowsException.java:97)
	at sun.nio.fs.WindowsException.rethrowAsIOException(WindowsException.java:102)
	at sun.nio.fs.WindowsFileSystemProvider.newByteChannel(WindowsFileSystemProvider.java:230)
	at java.nio.file.Files.newByteChannel(Files.java:361)
	at java.nio.file.Files.newByteChannel(Files.java:407)
	at java.nio.file.Files.readAllBytes(Files.java:3152)
	at br.zul.zwork2.io.ZTxtFile.readAll(ZTxtFile.java:57)
	at calculapainel.CalculaPainel.main(CalculaPainel.java:32)
20/03/2017 16:51:01 - ERROR - java.nio.file.FileSystemException: P:\Descarga\C060614.HTM: O arquivo já está sendo usado por outro processo.

	at sun.nio.fs.WindowsException.translateToIOException(WindowsException.java:86)
	at sun.nio.fs.WindowsException.rethrowAsIOException(WindowsException.java:97)
	at sun.nio.fs.WindowsException.rethrowAsIOException(WindowsException.java:102)
	at sun.nio.fs.WindowsFileSystemProvider.newByteChannel(WindowsFileSystemProvider.java:230)
	at java.nio.file.Files.newByteChannel(Files.java:361)
	at java.nio.file.Files.newByteChannel(Files.java:407)
	at java.nio.file.Files.readAllBytes(Files.java:3152)
	at br.zul.zwork2.io.ZTxtFile.readAll(ZTxtFile.java:57)
	at calculapainel.CalculaPainel.main(CalculaPainel.java:32)
20/03/2017 17:04:48 - ERROR - java.nio.file.FileSystemException: P:\Descarga\C050501.HTM: O arquivo já está sendo usado por outro processo.

	at sun.nio.fs.WindowsException.translateToIOException(WindowsException.java:86)
	at sun.nio.fs.WindowsException.rethrowAsIOException(WindowsException.java:97)
	at sun.nio.fs.WindowsException.rethrowAsIOException(WindowsException.java:102)
	at sun.nio.fs.WindowsFileSystemProvider.newByteChannel(WindowsFileSystemProvider.java:230)
	at java.nio.file.Files.newByteChannel(Files.java:361)
	at java.nio.file.Files.newByteChannel(Files.java:407)
	at java.nio.file.Files.readAllBytes(Files.java:3152)
	at br.zul.zwork2.io.ZTxtFile.readAll(ZTxtFile.java:57)
	at calculapainel.CalculaPainel.main(CalculaPainel.java:32)
21/03/2017 16:42:01 - ERROR - java.nio.file.FileSystemException: P:\Descarga\C050505.HTM: O arquivo já está sendo usado por outro processo.

	at sun.nio.fs.WindowsException.translateToIOException(WindowsException.java:86)
	at sun.nio.fs.WindowsException.rethrowAsIOException(WindowsException.java:97)
	at sun.nio.fs.WindowsException.rethrowAsIOException(WindowsException.java:102)
	at sun.nio.fs.WindowsFileSystemProvider.newByteChannel(WindowsFileSystemProvider.java:230)
	at java.nio.file.Files.newByteChannel(Files.java:361)
	at java.nio.file.Files.newByteChannel(Files.java:407)
	at java.nio.file.Files.readAllBytes(Files.java:3152)
	at br.zul.zwork2.io.ZTxtFile.readAll(ZTxtFile.java:57)
	at calculapainel.CalculaPainel.main(CalculaPainel.java:32)
21/03/2017 17:22:05 - ERROR - java.nio.file.FileSystemException: P:\Descarga\C060611.HTM: O arquivo já está sendo usado por outro processo.

	at sun.nio.fs.WindowsException.translateToIOException(WindowsException.java:86)
	at sun.nio.fs.WindowsException.rethrowAsIOException(WindowsException.java:97)
	at sun.nio.fs.WindowsException.rethrowAsIOException(WindowsException.java:102)
	at sun.nio.fs.WindowsFileSystemProvider.newByteChannel(WindowsFileSystemProvider.java:230)
	at java.nio.file.Files.newByteChannel(Files.java:361)
	at java.nio.file.Files.newByteChannel(Files.java:407)
	at java.nio.file.Files.readAllBytes(Files.java:3152)
	at br.zul.zwork2.io.ZTxtFile.readAll(ZTxtFile.java:57)
	at calculapainel.CalculaPainel.main(CalculaPainel.java:35)
22/03/2017 17:13:24 - ERROR - java.nio.file.FileSystemException: P:\Descarga\C040404.HTM: O arquivo já está sendo usado por outro processo.

	at sun.nio.fs.WindowsException.translateToIOException(WindowsException.java:86)
	at sun.nio.fs.WindowsException.rethrowAsIOException(WindowsException.java:97)
	at sun.nio.fs.WindowsException.rethrowAsIOException(WindowsException.java:102)
	at sun.nio.fs.WindowsFileSystemProvider.newByteChannel(WindowsFileSystemProvider.java:230)
	at java.nio.file.Files.newByteChannel(Files.java:361)
	at java.nio.file.Files.newByteChannel(Files.java:407)
	at java.nio.file.Files.readAllBytes(Files.java:3152)
	at br.zul.zwork2.io.ZTxtFile.readAll(ZTxtFile.java:57)
	at calculapainel.CalculaPainel.main(CalculaPainel.java:35)
27/03/2017 15:28:02 - ERROR - java.nio.file.FileSystemException: P:\Descarga\C060613.HTM: O arquivo já está sendo usado por outro processo.

	at sun.nio.fs.WindowsException.translateToIOException(WindowsException.java:86)
	at sun.nio.fs.WindowsException.rethrowAsIOException(WindowsException.java:97)
	at sun.nio.fs.WindowsException.rethrowAsIOException(WindowsException.java:102)
	at sun.nio.fs.WindowsFileSystemProvider.newByteChannel(WindowsFileSystemProvider.java:230)
	at java.nio.file.Files.newByteChannel(Files.java:361)
	at java.nio.file.Files.newByteChannel(Files.java:407)
	at java.nio.file.Files.readAllBytes(Files.java:3152)
	at br.zul.zwork2.io.ZTxtFile.readAll(ZTxtFile.java:57)
	at calculapainel.CalculaPainel.main(CalculaPainel.java:34)
27/03/2017 17:06:02 - ERROR - java.nio.file.FileSystemException: P:\Descarga\C060614.HTM: O arquivo já está sendo usado por outro processo.

	at sun.nio.fs.WindowsException.translateToIOException(WindowsException.java:86)
	at sun.nio.fs.WindowsException.rethrowAsIOException(WindowsException.java:97)
	at sun.nio.fs.WindowsException.rethrowAsIOException(WindowsException.java:102)
	at sun.nio.fs.WindowsFileSystemProvider.newByteChannel(WindowsFileSystemProvider.java:230)
	at java.nio.file.Files.newByteChannel(Files.java:361)
	at java.nio.file.Files.newByteChannel(Files.java:407)
	at java.nio.file.Files.readAllBytes(Files.java:3152)
	at br.zul.zwork2.io.ZTxtFile.readAll(ZTxtFile.java:57)
	at calculapainel.CalculaPainel.main(CalculaPainel.java:34)
27/03/2017 17:28:26 - ERROR - java.nio.file.FileSystemException: P:\Descarga\C060611.HTM: O arquivo já está sendo usado por outro processo.

	at sun.nio.fs.WindowsException.translateToIOException(WindowsException.java:86)
	at sun.nio.fs.WindowsException.rethrowAsIOException(WindowsException.java:97)
	at sun.nio.fs.WindowsException.rethrowAsIOException(WindowsException.java:102)
	at sun.nio.fs.WindowsFileSystemProvider.newByteChannel(WindowsFileSystemProvider.java:230)
	at java.nio.file.Files.newByteChannel(Files.java:361)
	at java.nio.file.Files.newByteChannel(Files.java:407)
	at java.nio.file.Files.readAllBytes(Files.java:3152)
	at br.zul.zwork2.io.ZTxtFile.readAll(ZTxtFile.java:57)
	at calculapainel.CalculaPainel.main(CalculaPainel.java:34)
